{"event_time":1772419148000,"source_id":"RADARBOX-GLOBAL","icao":"48E9E7","lat":51.104469,"lon":16.89682,"altitude":null,"speed":null,"heading":148.0}
{"event_time":1772419147000,"source_id":"RADARBOX-GLOBAL","icao":"7C492A","lat":-33.927891,"lon":151.179794,"altitude":null,"speed":null,"heading":62.0}
{"event_time":1772419150000,"source_id":"RADARBOX-GLOBAL","icao":"75855B","lat":44.24876,"lon":-80.290901,"altitude":13800,"speed":738.9,"heading":139.0}
{"event_time":1772419150000,"source_id":"RADARBOX-GLOBAL","icao":"7580D5","lat":47.329609,"lon":-122.465973,"altitude":5100,"speed":435.2,"heading":180.0}
{"event_time":1772419150000,"source_id":"RADARBOX-GLOBAL","icao":"39D2A8","lat":44.80006,"lon":20.50136,"altitude":40000,"speed":811.2,"heading":289.0}
{"event_time":1772419122132,"source_id":"RADARBOX-GLOBAL","icao":"AB7268","lat":58.301861,"lon":175.301163,"altitude":37996,"speed":null,"heading":51.0}
{"event_time":1772419150000,"source_id":"RADARBOX-GLOBAL","icao":"4BB154","lat":41.285,"lon":28.72266,"altitude":null,"speed":14.8,"heading":null}
{"event_time":1772419150000,"source_id":"RADARBOX-GLOBAL","icao":"4BB15A","lat":41.965729,"lon":-87.936363,"altitude":250,"speed":null,"heading":90.0}
{"event_time":1772419149734,"source_id":"RADARBOX-GLOBAL","icao":"E8044F","lat":-33.36618,"lon":-70.78727,"altitude":null,"speed":null,"heading":177.0}
{"event_time":1772419144543,"source_id":"RADARBOX-GLOBAL","icao":"868012","lat":53.13694,"lon":-176.597,"altitude":36000,"speed":926.0,"heading":256.0}
{"event_time":1772419135000,"source_id":"RADARBOX-GLOBAL","icao":"7819D6","lat":34.127979,"lon":113.760681,"altitude":35100,"speed":942.7,"heading":160.0}
{"event_time":1772419120902,"source_id":"RADARBOX-GLOBAL","icao":"781704","lat":34.193401,"lon":113.74157,"altitude":24600,"speed":903.8,"heading":165.0}
{"event_time":1772419150000,"source_id":"RADARBOX-GLOBAL","icao":"AA4230","lat":57.54771,"lon":-165.707047,"altitude":33000,"speed":null,"heading":58.0}
{"event_time":1772419150000,"source_id":"RADARBOX-GLOBAL","icao":"394A12","lat":37.942982,"lon":21.425211,"altitude":null,"speed":null,"heading":322.0}
{"event_time":1772419149000,"source_id":"RADARBOX-GLOBAL","icao":"39D2A6","lat":33.92057,"lon":-7.27152,"altitude":40000,"speed":null,"heading":24.0}
{"event_time":1772419104318,"source_id":"RADARBOX-GLOBAL","icao":"86E496","lat":65.546654,"lon":-155.677475,"altitude":39000,"speed":926.0,"heading":73.0}
{"event_time":1772419150000,"source_id":"RADARBOX-GLOBAL","icao":"4B83A7","lat":38.452881,"lon":26.42057,"altitude":18025,"speed":null,"heading":40.0}
{"event_time":1772419131000,"source_id":"RADARBOX-GLOBAL","icao":"407F2D","lat":42.459179,"lon":91.359253,"altitude":39100,"speed":1033.4,"heading":136.0}
{"event_time":1772419142293,"source_id":"RADARBOX-GLOBAL","icao":"840DF8","lat":62.691059,"lon":-170.292267,"altitude":38000,"speed":926.0,"heading":63.0}
{"event_time":1772419035000,"source_id":"RADARBOX-GLOBAL","icao":"781318","lat":56.943298,"lon":29.429399,"altitude":null,"speed":null,"heading":null}
{"event_time":1772419149000,"source_id":"RADARBOX-GLOBAL","icao":"A98423","lat":45.799992,"lon":-80.877258,"altitude":34000,"speed":811.2,"heading":208.0}
{"event_time":1772419129000,"source_id":"RADARBOX-GLOBAL","icao":"7808CC","lat":45.742599,"lon":108.735123,"altitude":35100,"speed":905.6,"heading":130.0}
{"event_time":1772419150000,"source_id":"RADARBOX-GLOBAL","icao":"040187","lat":9.0336,"lon":38.993889,"altitude":10250,"speed":null,"heading":253.0}
{"event_time":1772419131000,"source_id":"RADARBOX-GLOBAL","icao":"71C212","lat":43.15485,"lon":85.93576,"altitude":39100,"speed":998.2,"heading":83.0}
{"event_time":1772419131853,"source_id":"RADARBOX-GLOBAL","icao":"7803BE","lat":51.15958,"lon":96.421791,"altitude":37000,"speed":950.1,"heading":123.0}
{"event_time":1772419133000,"source_id":"RADARBOX-GLOBAL","icao":"C3251C","lat":33.084969,"lon":-112.160698,"altitude":null,"speed":null,"heading":354.0}
{"event_time":1772419117705,"source_id":"RADARBOX-GLOBAL","icao":"A05628","lat":53.26202,"lon":171.060257,"altitude":36000,"speed":926.0,"heading":248.0}
{"event_time":1772419120591,"source_id":"RADARBOX-GLOBAL","icao":"8A0579","lat":34.331188,"lon":69.58075,"altitude":34000,"speed":664.9,"heading":328.0}
{"event_time":1772419131538,"source_id":"RADARBOX-GLOBAL","icao":"71BE25","lat":43.609501,"lon":72.222267,"altitude":null,"speed":null,"heading":85.0}
{"event_time":1772419124190,"source_id":"RADARBOX-GLOBAL","icao":"01015D","lat":21.814199,"lon":40.297459,"altitude":38996,"speed":null,"heading":11.0}
{"event_time":1772419139745,"source_id":"RADARBOX-GLOBAL","icao":"842370","lat":78.132217,"lon":-131.997482,"altitude":null,"speed":null,"heading":null}
{"event_time":1772419143363,"source_id":"RADARBOX-GLOBAL","icao":"75059A","lat":-4.24121,"lon":110.75103,"altitude":null,"speed":null,"heading":308.0}
{"event_time":1772419123000,"source_id":"RADARBOX-GLOBAL","icao":"86DCA2","lat":56.082039,"lon":-172.821152,"altitude":39000,"speed":null,"heading":272.0}
{"event_time":1772419142010,"source_id":"RADARBOX-GLOBAL","icao":"3C4A11","lat":39.985149,"lon":51.535358,"altitude":null,"speed":null,"heading":283.0}
{"event_time":1772418782378,"source_id":"RADARBOX-GLOBAL","icao":"4BB106","lat":12.52028,"lon":-18.90917,"altitude":null,"speed":null,"heading":41.0}
{"event_time":1772419150000,"source_id":"RADARBOX-GLOBAL","icao":"0C20F4","lat":-23.133181,"lon":-47.071671,"altitude":13750,"speed":663.0,"heading":131.0}
{"event_time":1772419150348,"source_id":"RADARBOX-GLOBAL","icao":"3C4595","lat":43.65884,"lon":74.936981,"altitude":null,"speed":null,"heading":92.0}
{"event_time":1772418899000,"source_id":"RADARBOX-GLOBAL","icao":"406B49","lat":14.4308,"lon":14.3683,"altitude":null,"speed":null,"heading":null}
{"event_time":1772419150609,"source_id":"RADARBOX-GLOBAL","icao":"781DAC","lat":58.951511,"lon":72.716637,"altitude":39000,"speed":null,"heading":109.0}
{"event_time":1772419095000,"source_id":"RADARBOX-GLOBAL","icao":"AC3053","lat":32.847561,"lon":-96.863892,"altitude":null,"speed":null,"heading":67.0}
{"event_time":1772419149000,"source_id":"RADARBOX-GLOBAL","icao":"4063E6","lat":42.713379,"lon":-28.454029,"altitude":null,"speed":null,"heading":59.0}
{"event_time":1772419094000,"source_id":"RADARBOX-GLOBAL","icao":"885171","lat":40.020802,"lon":53.841099,"altitude":null,"speed":null,"heading":103.0}
{"event_time":1772419112321,"source_id":"RADARBOX-GLOBAL","icao":"ABAB90","lat":46.124359,"lon":152.879013,"altitude":36000,"speed":913.0,"heading":228.0}
{"event_time":1772419107000,"source_id":"RADARBOX-GLOBAL","icao":"ADF963","lat":39.546589,"lon":-105.445312,"altitude":null,"speed":null,"heading":45.0}
{"event_time":1772419037000,"source_id":"RADARBOX-GLOBAL","icao":"86E79A","lat":69.808899,"lon":-12.955,"altitude":null,"speed":null,"heading":146.0}
{"event_time":1772419126479,"source_id":"RADARBOX-GLOBAL","icao":"899136","lat":41.945889,"lon":35.09613,"altitude":null,"speed":null,"heading":null}
{"event_time":1772419131000,"source_id":"RADARBOX-GLOBAL","icao":"7580F0","lat":38.494598,"lon":-127.147713,"altitude":35000,"speed":1029.7,"heading":104.0}
{"event_time":1772418944388,"source_id":"RADARBOX-GLOBAL","icao":"4BB0E8","lat":41.690281,"lon":31.945829,"altitude":null,"speed":null,"heading":null}
{"event_time":1772419150000,"source_id":"RADARBOX-GLOBAL","icao":"899094","lat":47.576481,"lon":-122.46756,"altitude":9900,"speed":559.3,"heading":171.0}
{"event_time":1772419150000,"source_id":"RADARBOX-GLOBAL","icao":"4BA9E8","lat":41.16,"lon":29.322571,"altitude":9725,"speed":null,"heading":224.0}
{"event_time":1772419150000,"source_id":"RADARBOX-GLOBAL","icao":"899040","lat":50.211689,"lon":-125.63546,"altitude":35000,"speed":null,"heading":90.0}
{"event_time":1772419108000,"source_id":"RADARBOX-GLOBAL","icao":"780D9C","lat":56.357571,"lon":16.004829,"altitude":34000,"speed":866.7,"heading":239.0}
{"event_time":1772419062000,"source_id":"RADARBOX-GLOBAL","icao":"3C7A51","lat":42.3022,"lon":31.923901,"altitude":null,"speed":null,"heading":280.0}
{"event_time":1772419119688,"source_id":"RADARBOX-GLOBAL","icao":"7804C7","lat":33.460239,"lon":104.676353,"altitude":null,"speed":null,"heading":165.0}
{"event_time":1772419150000,"source_id":"RADARBOX-GLOBAL","icao":"34558F","lat":37.70364,"lon":-6.64327,"altitude":40000,"speed":890.8,"heading":41.0}
{"event_time":1772418755000,"source_id":"RADARBOX-GLOBAL","icao":"76CDA7","lat":-22.825991,"lon":39.077339,"altitude":39996,"speed":null,"heading":249.0}
{"event_time":1772419150000,"source_id":"RADARBOX-GLOBAL","icao":"39C940","lat":35.53849,"lon":23.484501,"altitude":null,"speed":null,"heading":318.0}
{"event_time":1772419150000,"source_id":"RADARBOX-GLOBAL","icao":"AAA32D","lat":39.645611,"lon":-8.67731,"altitude":39975,"speed":903.8,"heading":84.0}
{"event_time":1772419137000,"source_id":"RADARBOX-GLOBAL","icao":"4B1900","lat":23.418091,"lon":81.716209,"altitude":37000,"speed":null,"heading":130.0}
{"event_time":1772418850000,"source_id":"RADARBOX-GLOBAL","icao":"76CDA5","lat":37.968102,"lon":59.0853,"altitude":null,"speed":null,"heading":null}
{"event_time":1772419150000,"source_id":"RADARBOX-GLOBAL","icao":"4080A2","lat":28.03334,"lon":75.903198,"altitude":21900,"speed":738.9,"heading":37.0}
{"event_time":1772419149000,"source_id":"RADARBOX-GLOBAL","icao":"71BE24","lat":36.28384,"lon":129.956757,"altitude":38000,"speed":716.7,"heading":293.0}
{"event_time":1772419150771,"source_id":"RADARBOX-GLOBAL","icao":"A596B1","lat":52.322269,"lon":167.522263,"altitude":36000,"speed":889.0,"heading":245.0}
{"event_time":1772419141000,"source_id":"RADARBOX-GLOBAL","icao":"A575E0","lat":19.73764,"lon":-156.041885,"altitude":null,"speed":null,"heading":142.0}
{"event_time":1772419101546,"source_id":"RADARBOX-GLOBAL","icao":"A68CFD","lat":56.242222,"lon":176.786713,"altitude":38000,"speed":955.6,"heading":246.0}
{"event_time":1772419133790,"source_id":"RADARBOX-GLOBAL","icao":"3C70CC","lat":3.17636,"lon":-30.43018,"altitude":null,"speed":null,"heading":208.0}
{"event_time":1772419130000,"source_id":"RADARBOX-GLOBAL","icao":"151D46","lat":14.16924,"lon":100.05069,"altitude":37000,"speed":814.9,"heading":325.0}
{"event_time":1772419150000,"source_id":"RADARBOX-GLOBAL","icao":"151DB8","lat":13.02855,"lon":74.748466,"altitude":null,"speed":null,"heading":178.0}
{"event_time":1772419149000,"source_id":"RADARBOX-GLOBAL","icao":"71BA06","lat":43.67606,"lon":75.708549,"altitude":null,"speed":null,"heading":80.0}
{"event_time":1772419128000,"source_id":"RADARBOX-GLOBAL","icao":"78007F","lat":70.900002,"lon":-148.766663,"altitude":36000,"speed":870.4,"heading":278.0}
{"event_time":1772419129090,"source_id":"RADARBOX-GLOBAL","icao":"406B12","lat":51.065029,"lon":-19.71315,"altitude":null,"speed":null,"heading":null}
{"event_time":1772419145000,"source_id":"RADARBOX-GLOBAL","icao":"A55A47","lat":33.425529,"lon":-112.021011,"altitude":null,"speed":null,"heading":183.0}
{"event_time":1772419148000,"source_id":"RADARBOX-GLOBAL","icao":"485344","lat":41.211269,"lon":68.2146,"altitude":null,"speed":null,"heading":89.0}
{"event_time":1772419141442,"source_id":"RADARBOX-GLOBAL","icao":"040203","lat":11.39453,"lon":37.441181,"altitude":null,"speed":null,"heading":150.0}
{"event_time":1772419139344,"source_id":"RADARBOX-GLOBAL","icao":"86E430","lat":53.099098,"lon":-175.703613,"altitude":38000,"speed":907.5,"heading":270.0}
{"event_time":1772419115978,"source_id":"RADARBOX-GLOBAL","icao":"86E4B8","lat":53.323311,"lon":168.418747,"altitude":40000,"speed":927.9,"heading":240.0}
{"event_time":1772419140902,"source_id":"RADARBOX-GLOBAL","icao":"4007F6","lat":10.63058,"lon":15.1838,"altitude":null,"speed":null,"heading":175.0}
{"event_time":1772419102132,"source_id":"RADARBOX-GLOBAL","icao":"770592","lat":38.909691,"lon":56.117641,"altitude":null,"speed":null,"heading":null}
{"event_time":1772419115140,"source_id":"RADARBOX-GLOBAL","icao":"0D0A9A","lat":61.031471,"lon":-73.562958,"altitude":38000,"speed":866.7,"heading":230.0}
{"event_time":1772419149000,"source_id":"RADARBOX-GLOBAL","icao":"4CAD49","lat":17.969379,"lon":-22.19865,"altitude":36000,"speed":null,"heading":211.0}
{"event_time":1772419149000,"source_id":"RADARBOX-GLOBAL","icao":"0ACA5E","lat":-29.042919,"lon":-71.914673,"altitude":null,"speed":null,"heading":162.0}
{"event_time":1772419150000,"source_id":"RADARBOX-GLOBAL","icao":"A79046","lat":47.643749,"lon":-111.215378,"altitude":34000,"speed":null,"heading":268.0}
{"event_time":1772419090000,"source_id":"RADARBOX-GLOBAL","icao":"ADFB90","lat":38.807419,"lon":-105.301086,"altitude":null,"speed":null,"heading":0.0}
{"event_time":1772419101000,"source_id":"RADARBOX-GLOBAL","icao":"A01B5C","lat":44.8671,"lon":-93.230003,"altitude":null,"speed":null,"heading":16.0}
{"event_time":1772419149000,"source_id":"RADARBOX-GLOBAL","icao":"ADF029","lat":9.13294,"lon":99.141418,"altitude":null,"speed":null,"heading":354.0}
{"event_time":1772419150000,"source_id":"RADARBOX-GLOBAL","icao":"781737","lat":32.06218,"lon":126.045097,"altitude":40000,"speed":714.9,"heading":256.0}
{"event_time":1772419150000,"source_id":"RADARBOX-GLOBAL","icao":"8990E2","lat":31.76582,"lon":-101.513351,"altitude":37000,"speed":966.7,"heading":112.0}
{"event_time":1772419150000,"source_id":"RADARBOX-GLOBAL","icao":"407994","lat":44.980999,"lon":25.55636,"altitude":36000,"speed":794.5,"heading":299.0}
{"event_time":1772419145933,"source_id":"RADARBOX-GLOBAL","icao":"040243","lat":36.8839,"lon":19.306271,"altitude":39000,"speed":990.8,"heading":126.0}
{"event_time":1772419150000,"source_id":"RADARBOX-GLOBAL","icao":"040062","lat":-25.870741,"lon":28.18688,"altitude":15625,"speed":664.9,"heading":133.0}
{"event_time":1772419150000,"source_id":"RADARBOX-GLOBAL","icao":"AAA893","lat":47.453892,"lon":-117.651352,"altitude":null,"speed":851.9,"heading":188.0}
{"event_time":1772419145958,"source_id":"RADARBOX-GLOBAL","icao":"A47FDE","lat":51.666801,"lon":164.242493,"altitude":36000,"speed":939.0,"heading":65.0}
{"event_time":1772419090000,"source_id":"RADARBOX-GLOBAL","icao":"ADFB91","lat":44.161499,"lon":-110.321373,"altitude":2000,"speed":null,"heading":316.0}
{"event_time":1772419135000,"source_id":"RADARBOX-GLOBAL","icao":"000001","lat":41.156021,"lon":26.55534,"altitude":null,"speed":157.4,"heading":16.0}
{"event_time":1772419150000,"source_id":"RADARBOX-GLOBAL","icao":"780AAA","lat":41.416489,"lon":45.87809,"altitude":40000,"speed":905.6,"heading":279.0}
{"event_time":1772419150000,"source_id":"RADARBOX-GLOBAL","icao":"76CDB6","lat":34.631649,"lon":140.448471,"altitude":38025,"speed":null,"heading":216.0}
{"event_time":1772419146000,"source_id":"RADARBOX-GLOBAL","icao":"DDFA7B","lat":-33.379749,"lon":-70.580467,"altitude":null,"speed":null,"heading":92.0}
{"event_time":1772419063000,"source_id":"RADARBOX-GLOBAL","icao":"A09590","lat":44.875919,"lon":-93.200043,"altitude":null,"speed":null,"heading":90.0}
{"event_time":1772419150555,"source_id":"RADARBOX-GLOBAL","icao":"3C5642","lat":41.421619,"lon":44.793301,"altitude":null,"speed":null,"heading":274.0}
{"event_time":1772419147000,"source_id":"RADARBOX-GLOBAL","icao":"76CD43","lat":41.2551,"lon":146.805115,"altitude":null,"speed":876.0,"heading":224.0}
{"event_time":1772419117362,"source_id":"RADARBOX-GLOBAL","icao":"A1F5FF","lat":63.006771,"lon":-168.075653,"altitude":34000,"speed":907.5,"heading":69.0}
{"event_time":1772419075000,"source_id":"RADARBOX-GLOBAL","icao":"AB10C0","lat":55.26667,"lon":-131.766663,"altitude":0,"speed":0.0,"heading":0.0}
{"event_time":1772419130736,"source_id":"RADARBOX-GLOBAL","icao":"40621B","lat":16.22625,"lon":63.800621,"altitude":37000,"speed":905.6,"heading":140.0}
{"event_time":1772419150000,"source_id":"RADARBOX-GLOBAL","icao":"01012B","lat":39.12706,"lon":22.694759,"altitude":37000,"speed":890.8,"heading":137.0}
{"event_time":1772419129688,"source_id":"RADARBOX-GLOBAL","icao":"78926A","lat":85.998291,"lon":-39.967819,"altitude":36000,"speed":911.2,"heading":307.0}
{"event_time":1772419055420,"source_id":"RADARBOX-GLOBAL","icao":"060041","lat":30.68556,"lon":28.42944,"altitude":null,"speed":null,"heading":null}
{"event_time":1772419130000,"source_id":"RADARBOX-GLOBAL","icao":"4952B2","lat":22.171101,"lon":-21.4167,"altitude":null,"speed":null,"heading":31.0}
{"event_time":1772419149000,"source_id":"RADARBOX-GLOBAL","icao":"34659A","lat":38.931751,"lon":-24.430429,"altitude":null,"speed":null,"heading":null}
{"event_time":1772419113803,"source_id":"RADARBOX-GLOBAL","icao":"896615","lat":56.700809,"lon":-80.252411,"altitude":36000,"speed":868.6,"heading":225.0}
{"event_time":1772419148906,"source_id":"RADARBOX-GLOBAL","icao":"781A1F","lat":38.889721,"lon":-161.743027,"altitude":33000,"speed":987.1,"heading":85.0}
{"event_time":1772419126000,"source_id":"RADARBOX-GLOBAL","icao":"71C076","lat":43.401299,"lon":82.816383,"altitude":33100,"speed":1007.5,"heading":93.0}
{"event_time":1772419121138,"source_id":"RADARBOX-GLOBAL","icao":"780A67","lat":54.773071,"lon":175.121414,"altitude":32000,"speed":null,"heading":254.0}
{"event_time":1772419113240,"source_id":"RADARBOX-GLOBAL","icao":"782003","lat":51.584839,"lon":96.624573,"altitude":39000,"speed":987.1,"heading":126.0}
{"event_time":1772419116000,"source_id":"RADARBOX-GLOBAL","icao":"76CD19","lat":-3.43402,"lon":109.76535,"altitude":43000,"speed":null,"heading":309.0}
{"event_time":1772419149000,"source_id":"RADARBOX-GLOBAL","icao":"A3D568","lat":53.575531,"lon":-5.9991,"altitude":5675,"speed":437.1,"heading":145.0}
{"event_time":1772419150000,"source_id":"RADARBOX-GLOBAL","icao":"0C2166","lat":-20.74135,"lon":-44.605289,"altitude":37000,"speed":877.8,"heading":148.0}
{"event_time":1772419148000,"source_id":"RADARBOX-GLOBAL","icao":"ABC96F","lat":-1.89975,"lon":-60.361401,"altitude":35000,"speed":851.9,"heading":153.0}
{"event_time":1772419144287,"source_id":"RADARBOX-GLOBAL","icao":"A1F90E","lat":56.903728,"lon":-62.446152,"altitude":null,"speed":null,"heading":104.0}
{"event_time":1772419150000,"source_id":"RADARBOX-GLOBAL","icao":"A02C40","lat":38.342659,"lon":-111.501381,"altitude":34000,"speed":null,"heading":268.0}
{"event_time":1772419101000,"source_id":"RADARBOX-GLOBAL","icao":"A1AD73","lat":20.90012,"lon":-156.426758,"altitude":75,"speed":22.2,"heading":39.0}
{"event_time":1772419126834,"source_id":"RADARBOX-GLOBAL","icao":"868DD7","lat":68.27623,"lon":-133.108078,"altitude":32000,"speed":null,"heading":282.0}
{"event_time":1772419106479,"source_id":"RADARBOX-GLOBAL","icao":"48455F","lat":46.175701,"lon":-34.690472,"altitude":null,"speed":null,"heading":null}
{"event_time":1772419109095,"source_id":"RADARBOX-GLOBAL","icao":"A05629","lat":55.30019,"lon":-16.424601,"altitude":null,"speed":null,"heading":110.0}
{"event_time":1772419111442,"source_id":"RADARBOX-GLOBAL","icao":"3C64F3","lat":14.08584,"lon":14.43967,"altitude":null,"speed":null,"heading":163.0}
{"event_time":1772419018000,"source_id":"RADARBOX-GLOBAL","icao":"8A083C","lat":7.03,"lon":85.650002,"altitude":37000,"speed":855.6,"heading":114.0}
{"event_time":1772419093000,"source_id":"RADARBOX-GLOBAL","icao":"348547","lat":26.0986,"lon":-11.1833,"altitude":null,"speed":null,"heading":null}
{"event_time":1772419100264,"source_id":"RADARBOX-GLOBAL","icao":"E8046D","lat":13.98508,"lon":-32.9641,"altitude":null,"speed":null,"heading":null}
{"event_time":1772419062000,"source_id":"RADARBOX-GLOBAL","icao":"AA9801","lat":56.0783,"lon":-26.2453,"altitude":null,"speed":null,"heading":null}
{"event_time":1772419149000,"source_id":"RADARBOX-GLOBAL","icao":"394A13","lat":39.014969,"lon":-28.17038,"altitude":null,"speed":null,"heading":70.0}
{"event_time":1772419149000,"source_id":"RADARBOX-GLOBAL","icao":"C0174D","lat":-32.64743,"lon":150.938477,"altitude":23825,"speed":null,"heading":174.0}
{"event_time":1772419129075,"source_id":"RADARBOX-GLOBAL","icao":"461F4A","lat":57.445171,"lon":24.121811,"altitude":null,"speed":null,"heading":11.0}
{"event_time":1772419092000,"source_id":"RADARBOX-GLOBAL","icao":"89900F","lat":41.654701,"lon":39.250301,"altitude":null,"speed":null,"heading":274.0}
{"event_time":1772419121774,"source_id":"RADARBOX-GLOBAL","icao":"04014C","lat":32.674911,"lon":24.04929,"altitude":null,"speed":null,"heading":145.0}
{"event_time":1772418648000,"source_id":"RADARBOX-GLOBAL","icao":"A09FC4","lat":49.413239,"lon":158.745407,"altitude":35996,"speed":null,"heading":233.0}
{"event_time":1772419149000,"source_id":"RADARBOX-GLOBAL","icao":"75044E","lat":42.301552,"lon":31.86821,"altitude":40000,"speed":889.0,"heading":277.0}
{"event_time":1772419131332,"source_id":"RADARBOX-GLOBAL","icao":"A120FE","lat":25.825451,"lon":-146.580185,"altitude":34000,"speed":751.9,"heading":245.0}
{"event_time":1772419149000,"source_id":"RADARBOX-GLOBAL","icao":"78115C","lat":-21.61762,"lon":146.185135,"altitude":null,"speed":null,"heading":166.0}
{"event_time":1772419128588,"source_id":"RADARBOX-GLOBAL","icao":"C02EC7","lat":57.03196,"lon":175.5401,"altitude":36000,"speed":777.8,"heading":225.0}
{"event_time":1772419145000,"source_id":"RADARBOX-GLOBAL","icao":"7815A1","lat":61.005981,"lon":38.18232,"altitude":36000,"speed":848.2,"heading":257.0}
{"event_time":1772419150000,"source_id":"RADARBOX-GLOBAL","icao":"A6456D","lat":41.897099,"lon":146.834457,"altitude":null,"speed":892.7,"heading":224.0}
{"event_time":1772418276248,"source_id":"RADARBOX-GLOBAL","icao":"39B101","lat":29.963329,"lon":28.87167,"altitude":null,"speed":null,"heading":null}
{"event_time":1772419149000,"source_id":"RADARBOX-GLOBAL","icao":"3C7A43","lat":28.583679,"lon":78.897629,"altitude":37000,"speed":1031.6,"heading":125.0}
{"event_time":1772419139075,"source_id":"RADARBOX-GLOBAL","icao":"3C7A47","lat":24.94339,"lon":7.18676,"altitude":null,"speed":null,"heading":null}
{"event_time":1772419122488,"source_id":"RADARBOX-GLOBAL","icao":"4BB190","lat":50.637901,"lon":-20.35516,"altitude":null,"speed":null,"heading":null}
{"event_time":1772419113090,"source_id":"RADARBOX-GLOBAL","icao":"407371","lat":33.16555,"lon":66.889313,"altitude":null,"speed":null,"heading":null}
{"event_time":1772419150000,"source_id":"RADARBOX-GLOBAL","icao":"924924","lat":33.39912,"lon":-118.710632,"altitude":27000,"speed":666.7,"heading":96.0}
{"event_time":1772419151043,"source_id":"RADARBOX-GLOBAL","icao":"4243C4","lat":41.24408,"lon":59.606819,"altitude":34000,"speed":null,"heading":267.0}
{"event_time":1772419149000,"source_id":"RADARBOX-GLOBAL","icao":"70C0FD","lat":22.8673,"lon":51.959839,"altitude":39000,"speed":null,"heading":97.0}
{"event_time":1772418733000,"source_id":"RADARBOX-GLOBAL","icao":"70C125","lat":23.599899,"lon":58.28429,"altitude":null,"speed":1.9,"heading":353.0}
{"event_time":1772419150000,"source_id":"RADARBOX-GLOBAL","icao":"A0B5C5","lat":40.678471,"lon":-74.183197,"altitude":null,"speed":null,"heading":296.0}
{"event_time":1772419124293,"source_id":"RADARBOX-GLOBAL","icao":"40688D","lat":21.123489,"lon":11.50099,"altitude":null,"speed":null,"heading":329.0}
{"event_time":1772419149000,"source_id":"RADARBOX-GLOBAL","icao":"151DAB","lat":20.66794,"lon":85.277229,"altitude":35000,"speed":null,"heading":133.0}
{"event_time":1772419140000,"source_id":"RADARBOX-GLOBAL","icao":"AA5428","lat":43.54882,"lon":-24.620649,"altitude":null,"speed":null,"heading":98.0}
{"event_time":1772419136000,"source_id":"RADARBOX-GLOBAL","icao":"4BA9F9","lat":43.473679,"lon":83.4814,"altitude":38100,"speed":692.6,"heading":276.0}
{"event_time":1772419147000,"source_id":"RADARBOX-GLOBAL","icao":"040184","lat":8.95139,"lon":38.71582,"altitude":10225,"speed":null,"heading":250.0}
{"event_time":1772419150000,"source_id":"RADARBOX-GLOBAL","icao":"70C124","lat":22.979441,"lon":50.45451,"altitude":null,"speed":null,"heading":94.0}
{"event_time":1772419150000,"source_id":"RADARBOX-GLOBAL","icao":"AC57AF","lat":36.707249,"lon":-113.495583,"altitude":29750,"speed":738.9,"heading":243.0}
{"event_time":1772418454000,"source_id":"RADARBOX-GLOBAL","icao":"3C4A0D","lat":18.481239,"lon":-20.39629,"altitude":34004,"speed":null,"heading":209.0}
{"event_time":1772419149000,"source_id":"RADARBOX-GLOBAL","icao":"600B13","lat":40.45731,"lon":50.069241,"altitude":null,"speed":null,"heading":201.0}
{"event_time":1772419150000,"source_id":"RADARBOX-GLOBAL","icao":"873312","lat":63.404942,"lon":-4.98351,"altitude":41000,"speed":null,"heading":157.0}
{"event_time":1772419149000,"source_id":"RADARBOX-GLOBAL","icao":"A1CB0F","lat":37.540371,"lon":-124.362846,"altitude":25825,"speed":850.1,"heading":109.0}
{"event_time":1772419143000,"source_id":"RADARBOX-GLOBAL","icao":"DDAA2D","lat":52.536282,"lon":10.02342,"altitude":null,"speed":null,"heading":180.0}
{"event_time":1772419015000,"source_id":"RADARBOX-GLOBAL","icao":"04004C","lat":9.23899,"lon":49.461311,"altitude":40000,"speed":null,"heading":269.0}
{"event_time":1772419001000,"source_id":"RADARBOX-GLOBAL","icao":"4A0501","lat":52.08152,"lon":20.992399,"altitude":null,"speed":null,"heading":344.0}
{"event_time":1772419149814,"source_id":"RADARBOX-GLOBAL","icao":"78928B","lat":50.470951,"lon":-133.302963,"altitude":39000,"speed":944.5,"heading":125.0}
{"event_time":1772419148000,"source_id":"RADARBOX-GLOBAL","icao":"347206","lat":21.60713,"lon":-93.085693,"altitude":null,"speed":null,"heading":254.0}
{"event_time":1772418727000,"source_id":"RADARBOX-GLOBAL","icao":"04014E","lat":9.21049,"lon":47.150398,"altitude":40000,"speed":null,"heading":276.0}
{"event_time":1772419127000,"source_id":"RADARBOX-GLOBAL","icao":"780019","lat":30.2813,"lon":103.797287,"altitude":4775,"speed":366.7,"heading":85.0}
{"event_time":1772419140925,"source_id":"RADARBOX-GLOBAL","icao":"7C8067","lat":-51.060902,"lon":169.074234,"altitude":37996,"speed":null,"heading":322.0}
{"event_time":1772419150000,"source_id":"RADARBOX-GLOBAL","icao":"7C4929","lat":40.994461,"lon":39.848721,"altitude":38000,"speed":905.6,"heading":272.0}
{"event_time":1772419150000,"source_id":"RADARBOX-GLOBAL","icao":"4007F7","lat":37.532188,"lon":2.54829,"altitude":38000,"speed":null,"heading":325.0}
{"event_time":1772419126938,"source_id":"RADARBOX-GLOBAL","icao":"885226","lat":41.659271,"lon":39.193901,"altitude":null,"speed":null,"heading":273.0}
{"event_time":1772419112000,"source_id":"RADARBOX-GLOBAL","icao":"346146","lat":34.664841,"lon":-20.72156,"altitude":null,"speed":null,"heading":null}
{"event_time":1772419150000,"source_id":"RADARBOX-GLOBAL","icao":"769103","lat":58.23489,"lon":-168.686462,"altitude":36000,"speed":null,"heading":257.0}
{"event_time":1772419150000,"source_id":"RADARBOX-GLOBAL","icao":"A98EDC","lat":61.1726,"lon":-149.991486,"altitude":null,"speed":null,"heading":346.0}
{"event_time":1772419130000,"source_id":"RADARBOX-GLOBAL","icao":"782277","lat":36.701569,"lon":103.207863,"altitude":37100,"speed":976.0,"heading":116.0}
{"event_time":1772419109090,"source_id":"RADARBOX-GLOBAL","icao":"4B1903","lat":29.453091,"lon":6.80415,"altitude":null,"speed":null,"heading":359.0}
{"event_time":1772419147000,"source_id":"RADARBOX-GLOBAL","icao":"A561FD","lat":31.142811,"lon":129.747086,"altitude":40000,"speed":759.3,"heading":232.0}
{"event_time":1772419111360,"source_id":"RADARBOX-GLOBAL","icao":"78076C","lat":59.980621,"lon":31.05109,"altitude":null,"speed":null,"heading":252.0}
{"event_time":1772419078000,"source_id":"RADARBOX-GLOBAL","icao":"C81A75","lat":-37.002689,"lon":174.76828,"altitude":400,"speed":null,"heading":133.0}
{"event_time":1772419150000,"source_id":"RADARBOX-GLOBAL","icao":"78140F","lat":-18.68095,"lon":147.147827,"altitude":36975,"speed":913.0,"heading":135.0}
{"event_time":1772419135887,"source_id":"RADARBOX-GLOBAL","icao":"0D8469","lat":52.785221,"lon":66.813377,"altitude":36000,"speed":814.9,"heading":300.0}
{"event_time":1772419150000,"source_id":"RADARBOX-GLOBAL","icao":"3A2E22","lat":40.765659,"lon":16.725439,"altitude":38000,"speed":866.7,"heading":310.0}
{"event_time":1772419134000,"source_id":"RADARBOX-GLOBAL","icao":"AB5C12","lat":55.033329,"lon":-160.399994,"altitude":36000,"speed":870.4,"heading":278.0}
{"event_time":1772419148000,"source_id":"RADARBOX-GLOBAL","icao":"ABE5A2","lat":-31.64204,"lon":142.062592,"altitude":null,"speed":null,"heading":108.0}
{"event_time":1772419150000,"source_id":"RADARBOX-GLOBAL","icao":"39C422","lat":38.616619,"lon":20.73562,"altitude":36000,"speed":863.0,"heading":321.0}
{"event_time":1772419123790,"source_id":"RADARBOX-GLOBAL","icao":"7804BA","lat":54.073601,"lon":85.25547,"altitude":null,"speed":null,"heading":null}
{"event_time":1772418990000,"source_id":"RADARBOX-GLOBAL","icao":"A2A686","lat":47.448292,"lon":-122.304604,"altitude":null,"speed":9.3,"heading":null}
{"event_time":1772419150000,"source_id":"RADARBOX-GLOBAL","icao":"A7081A","lat":43.902599,"lon":-93.252724,"altitude":21775,"speed":720.4,"heading":4.0}
{"event_time":1772419150000,"source_id":"RADARBOX-GLOBAL","icao":"800584","lat":25.853849,"lon":37.869099,"altitude":34000,"speed":755.6,"heading":303.0}
{"event_time":1772419150000,"source_id":"RADARBOX-GLOBAL","icao":"710060","lat":14.66785,"lon":97.924698,"altitude":35000,"speed":920.4,"heading":113.0}
{"event_time":1772419150000,"source_id":"RADARBOX-GLOBAL","icao":"AB3639","lat":44.252319,"lon":-93.217453,"altitude":16775,"speed":603.8,"heading":3.0}
{"event_time":1772419150000,"source_id":"RADARBOX-GLOBAL","icao":"A3489F","lat":33.439011,"lon":-112.005531,"altitude":null,"speed":29.6,"heading":90.0}
{"event_time":1772419129000,"source_id":"RADARBOX-GLOBAL","icao":"040190","lat":9.17726,"lon":39.035561,"altitude":12750,"speed":null,"heading":148.0}
{"event_time":1772419106518,"source_id":"RADARBOX-GLOBAL","icao":"3C15BE","lat":13.02452,"lon":14.76769,"altitude":null,"speed":null,"heading":163.0}
{"event_time":1772419116479,"source_id":"RADARBOX-GLOBAL","icao":"39C426","lat":41.666229,"lon":39.008572,"altitude":null,"speed":null,"heading":273.0}
{"event_time":1772419150000,"source_id":"RADARBOX-GLOBAL","icao":"3C6506","lat":51.196522,"lon":-8.42414,"altitude":39000,"speed":900.1,"heading":90.0}
{"event_time":1772419149000,"source_id":"RADARBOX-GLOBAL","icao":"861AE1","lat":34.091541,"lon":139.433823,"altitude":31700,"speed":961.2,"heading":58.0}
{"event_time":1772419077000,"source_id":"RADARBOX-GLOBAL","icao":"A874E1","lat":42.746201,"lon":-73.808403,"altitude":null,"speed":null,"heading":307.0}
{"event_time":1772418847000,"source_id":"RADARBOX-GLOBAL","icao":"AB5D52","lat":56.782501,"lon":-26.92,"altitude":null,"speed":null,"heading":null}
